

*******************************************************************************
Fri Aug 10 15:21:46 2018


FIT:    data read from "burnupchart.dat" u 1:2
        format = x:z
        x range restricted to ["20180601" : "21390801"]
        #datapoints = 5
        residuals are weighted equally (unit weight)

function used for fitting: f(x)
	f(x)=a+b*x
fitted parameters initialized with current variable values

iter      chisq       delta/lim  lambda   a             b            
   0 1.4352516119e+04   0.00e+00  1.09e+01    1.000000e+00   1.000000e-08
   7 4.2251496108e+03  -5.66e-01  1.09e-06   -5.692187e+04   3.716983e-05

After 7 iterations the fit converged.
final sum of squares of residuals : 4225.15
rel. change during last iteration : -5.65609e-06

degrees of freedom    (FIT_NDF)                        : 3
rms of residuals      (FIT_STDFIT) = sqrt(WSSR/ndf)    : 37.5284
variance of residuals (reduced chisquare) = WSSR/ndf   : 1408.38

Final set of parameters            Asymptotic Standard Error
=======================            ==========================
a               = -56921.9         +/- 2.525e+04    (44.36%)
b               = 3.71698e-05      +/- 1.648e-05    (44.33%)

correlation matrix of the fit parameters:
                a      b      
a               1.000 
b              -1.000  1.000 


*******************************************************************************
Fri Aug 10 15:21:46 2018


FIT:    data read from "burnupchart.dat" u 1:3
        format = x:z
        x range restricted to ["20180601" : "21390801"]
        #datapoints = 5
        residuals are weighted equally (unit weight)

function used for fitting: f2(x)
	f2(x) = a2 + b2 * x
fitted parameters initialized with current variable values

iter      chisq       delta/lim  lambda   a2            b2           
   0 1.1742678010e+19   0.00e+00  1.08e+09    1.000000e+00   1.000000e+00
   5 3.9005241792e+02  -5.54e-10  1.08e+07    1.000000e+00   7.538007e-07

After 5 iterations the fit converged.
final sum of squares of residuals : 390.052
rel. change during last iteration : -5.53785e-15

degrees of freedom    (FIT_NDF)                        : 3
rms of residuals      (FIT_STDFIT) = sqrt(WSSR/ndf)    : 11.4025
variance of residuals (reduced chisquare) = WSSR/ndf   : 130.017

Final set of parameters            Asymptotic Standard Error
=======================            ==========================
a2              = 1                +/- 7673         (7.673e+05%)
b2              = 7.53801e-07      +/- 5.007e-06    (664.2%)

correlation matrix of the fit parameters:
                a2     b2     
a2              1.000 
b2             -1.000  1.000 


*******************************************************************************
Thu Oct 11 10:45:20 2018


FIT:    data read from datafile u 1:2
        format = x:z
        x range restricted to ["20180601" : "21390801"]
        #datapoints = 7
        residuals are weighted equally (unit weight)

function used for fitting: f(x)
	f(x)=a+b*x
fitted parameters initialized with current variable values

iter      chisq       delta/lim  lambda   a             b            
   0 8.9444616780e+04   0.00e+00  1.09e+01    1.000000e+00   1.000000e-08
   7 4.7677059261e+03  -6.87e-04  1.09e-06   -4.269705e+04   2.789252e-05

After 7 iterations the fit converged.
final sum of squares of residuals : 4767.71
rel. change during last iteration : -6.87014e-09

degrees of freedom    (FIT_NDF)                        : 5
rms of residuals      (FIT_STDFIT) = sqrt(WSSR/ndf)    : 30.8795
variance of residuals (reduced chisquare) = WSSR/ndf   : 953.541

Final set of parameters            Asymptotic Standard Error
=======================            ==========================
a               = -42697.1         +/- 7023         (16.45%)
b               = 2.78925e-05      +/- 4.577e-06    (16.41%)

correlation matrix of the fit parameters:
                a      b      
a               1.000 
b              -1.000  1.000 


*******************************************************************************
Thu Oct 11 10:45:20 2018


FIT:    data read from datafile u 1:3
        format = x:z
        x range restricted to ["20180601" : "21390801"]
        #datapoints = 7
        residuals are weighted equally (unit weight)

function used for fitting: f2(x)
	f2(x) = a2 + b2 * x
fitted parameters initialized with current variable values

iter      chisq       delta/lim  lambda   a2            b2           
   0 1.6479957907e+19   0.00e+00  1.08e+09    1.000000e+00   1.000000e+00
   5 8.1671911017e+02  -3.90e-10  1.08e+04    1.000000e+00   7.524769e-07

After 5 iterations the fit converged.
final sum of squares of residuals : 816.719
rel. change during last iteration : -3.89758e-15

degrees of freedom    (FIT_NDF)                        : 5
rms of residuals      (FIT_STDFIT) = sqrt(WSSR/ndf)    : 12.7806
variance of residuals (reduced chisquare) = WSSR/ndf   : 163.344

Final set of parameters            Asymptotic Standard Error
=======================            ==========================
a2              = 1                +/- 2907         (2.907e+05%)
b2              = 7.52477e-07      +/- 1.894e-06    (251.8%)

correlation matrix of the fit parameters:
                a2     b2     
a2              1.000 
b2             -1.000  1.000 


*******************************************************************************
Mon Oct 15 13:50:12 2018


FIT:    data read from datafile u 1:2
        format = x:z
        x range restricted to ["20180601" : "21390801"]
        #datapoints = 7
        residuals are weighted equally (unit weight)

function used for fitting: f(x)
	f(x)=a+b*x
fitted parameters initialized with current variable values

iter      chisq       delta/lim  lambda   a             b            
   0 8.9444616780e+04   0.00e+00  1.09e+01    1.000000e+00   1.000000e-08
   7 4.7677059261e+03  -6.87e-04  1.09e-06   -4.269705e+04   2.789252e-05

After 7 iterations the fit converged.
final sum of squares of residuals : 4767.71
rel. change during last iteration : -6.87014e-09

degrees of freedom    (FIT_NDF)                        : 5
rms of residuals      (FIT_STDFIT) = sqrt(WSSR/ndf)    : 30.8795
variance of residuals (reduced chisquare) = WSSR/ndf   : 953.541

Final set of parameters            Asymptotic Standard Error
=======================            ==========================
a               = -42697.1         +/- 7023         (16.45%)
b               = 2.78925e-05      +/- 4.577e-06    (16.41%)

correlation matrix of the fit parameters:
                a      b      
a               1.000 
b              -1.000  1.000 


*******************************************************************************
Mon Oct 15 13:50:12 2018


FIT:    data read from datafile u 1:3
        format = x:z
        x range restricted to ["20180601" : "21390801"]
        #datapoints = 7
        residuals are weighted equally (unit weight)

function used for fitting: f2(x)
	f2(x) = a2 + b2 * x
fitted parameters initialized with current variable values

iter      chisq       delta/lim  lambda   a2            b2           
   0 1.6479957907e+19   0.00e+00  1.08e+09    1.000000e+00   1.000000e+00
   5 8.1671911017e+02  -3.90e-10  1.08e+04    1.000000e+00   7.524769e-07

After 5 iterations the fit converged.
final sum of squares of residuals : 816.719
rel. change during last iteration : -3.89758e-15

degrees of freedom    (FIT_NDF)                        : 5
rms of residuals      (FIT_STDFIT) = sqrt(WSSR/ndf)    : 12.7806
variance of residuals (reduced chisquare) = WSSR/ndf   : 163.344

Final set of parameters            Asymptotic Standard Error
=======================            ==========================
a2              = 1                +/- 2907         (2.907e+05%)
b2              = 7.52477e-07      +/- 1.894e-06    (251.8%)

correlation matrix of the fit parameters:
                a2     b2     
a2              1.000 
b2             -1.000  1.000 


*******************************************************************************
Mon Oct 15 13:53:27 2018


FIT:    data read from datafile u 1:2
        format = x:z
        x range restricted to ["20180601" : "21390801"]
        #datapoints = 7
        residuals are weighted equally (unit weight)

function used for fitting: f(x)
	f(x)=a+b*x
fitted parameters initialized with current variable values

iter      chisq       delta/lim  lambda   a             b            
   0 8.9444616780e+04   0.00e+00  1.09e+01    1.000000e+00   1.000000e-08
   7 4.7677059261e+03  -6.87e-04  1.09e-06   -4.269705e+04   2.789252e-05

After 7 iterations the fit converged.
final sum of squares of residuals : 4767.71
rel. change during last iteration : -6.87014e-09

degrees of freedom    (FIT_NDF)                        : 5
rms of residuals      (FIT_STDFIT) = sqrt(WSSR/ndf)    : 30.8795
variance of residuals (reduced chisquare) = WSSR/ndf   : 953.541

Final set of parameters            Asymptotic Standard Error
=======================            ==========================
a               = -42697.1         +/- 7023         (16.45%)
b               = 2.78925e-05      +/- 4.577e-06    (16.41%)

correlation matrix of the fit parameters:
                a      b      
a               1.000 
b              -1.000  1.000 


*******************************************************************************
Mon Oct 15 13:53:27 2018


FIT:    data read from datafile u 1:3
        format = x:z
        x range restricted to ["20180601" : "21390801"]
        #datapoints = 7
        residuals are weighted equally (unit weight)

function used for fitting: f2(x)
	f2(x) = a2 + b2 * x
fitted parameters initialized with current variable values

iter      chisq       delta/lim  lambda   a2            b2           
   0 1.6479957907e+19   0.00e+00  1.08e+09    1.000000e+00   1.000000e+00
   5 8.1671911017e+02  -3.90e-10  1.08e+04    1.000000e+00   7.524769e-07

After 5 iterations the fit converged.
final sum of squares of residuals : 816.719
rel. change during last iteration : -3.89758e-15

degrees of freedom    (FIT_NDF)                        : 5
rms of residuals      (FIT_STDFIT) = sqrt(WSSR/ndf)    : 12.7806
variance of residuals (reduced chisquare) = WSSR/ndf   : 163.344

Final set of parameters            Asymptotic Standard Error
=======================            ==========================
a2              = 1                +/- 2907         (2.907e+05%)
b2              = 7.52477e-07      +/- 1.894e-06    (251.8%)

correlation matrix of the fit parameters:
                a2     b2     
a2              1.000 
b2             -1.000  1.000 


*******************************************************************************
Mon Oct 15 13:54:11 2018


FIT:    data read from datafile u 1:2
        format = x:z
        x range restricted to ["20180601" : "21390801"]
        #datapoints = 7
        residuals are weighted equally (unit weight)

function used for fitting: f(x)
	f(x)=a+b*x
fitted parameters initialized with current variable values

iter      chisq       delta/lim  lambda   a             b            
   0 8.9444616780e+04   0.00e+00  1.09e+01    1.000000e+00   1.000000e-08
   7 4.7677059261e+03  -6.87e-04  1.09e-06   -4.269705e+04   2.789252e-05

After 7 iterations the fit converged.
final sum of squares of residuals : 4767.71
rel. change during last iteration : -6.87014e-09

degrees of freedom    (FIT_NDF)                        : 5
rms of residuals      (FIT_STDFIT) = sqrt(WSSR/ndf)    : 30.8795
variance of residuals (reduced chisquare) = WSSR/ndf   : 953.541

Final set of parameters            Asymptotic Standard Error
=======================            ==========================
a               = -42697.1         +/- 7023         (16.45%)
b               = 2.78925e-05      +/- 4.577e-06    (16.41%)

correlation matrix of the fit parameters:
                a      b      
a               1.000 
b              -1.000  1.000 


*******************************************************************************
Mon Oct 15 13:54:11 2018


FIT:    data read from datafile u 1:3
        format = x:z
        x range restricted to ["20180601" : "21390801"]
        #datapoints = 7
        residuals are weighted equally (unit weight)

function used for fitting: f2(x)
	f2(x) = a2 + b2 * x
fitted parameters initialized with current variable values

iter      chisq       delta/lim  lambda   a2            b2           
   0 1.6479957907e+19   0.00e+00  1.08e+09    1.000000e+00   1.000000e+00
   5 8.1671911017e+02  -3.90e-10  1.08e+04    1.000000e+00   7.524769e-07

After 5 iterations the fit converged.
final sum of squares of residuals : 816.719
rel. change during last iteration : -3.89758e-15

degrees of freedom    (FIT_NDF)                        : 5
rms of residuals      (FIT_STDFIT) = sqrt(WSSR/ndf)    : 12.7806
variance of residuals (reduced chisquare) = WSSR/ndf   : 163.344

Final set of parameters            Asymptotic Standard Error
=======================            ==========================
a2              = 1                +/- 2907         (2.907e+05%)
b2              = 7.52477e-07      +/- 1.894e-06    (251.8%)

correlation matrix of the fit parameters:
                a2     b2     
a2              1.000 
b2             -1.000  1.000 


*******************************************************************************
Mon Oct 15 14:00:48 2018


FIT:    data read from datafile u 1:2
        format = x:z
        x range restricted to ["20180601" : "21390801"]
        #datapoints = 7
        residuals are weighted equally (unit weight)

function used for fitting: f(x)
	f(x)=a+b*x
fitted parameters initialized with current variable values

iter      chisq       delta/lim  lambda   a             b            
   0 8.9444616780e+04   0.00e+00  1.09e+01    1.000000e+00   1.000000e-08
   7 4.7677059261e+03  -6.87e-04  1.09e-06   -4.269705e+04   2.789252e-05

After 7 iterations the fit converged.
final sum of squares of residuals : 4767.71
rel. change during last iteration : -6.87014e-09

degrees of freedom    (FIT_NDF)                        : 5
rms of residuals      (FIT_STDFIT) = sqrt(WSSR/ndf)    : 30.8795
variance of residuals (reduced chisquare) = WSSR/ndf   : 953.541

Final set of parameters            Asymptotic Standard Error
=======================            ==========================
a               = -42697.1         +/- 7023         (16.45%)
b               = 2.78925e-05      +/- 4.577e-06    (16.41%)

correlation matrix of the fit parameters:
                a      b      
a               1.000 
b              -1.000  1.000 


*******************************************************************************
Mon Oct 15 14:00:48 2018


FIT:    data read from datafile u 1:3
        format = x:z
        x range restricted to ["20180601" : "21390801"]
        #datapoints = 7
        residuals are weighted equally (unit weight)

function used for fitting: f2(x)
	f2(x) = a2 + b2 * x
fitted parameters initialized with current variable values

iter      chisq       delta/lim  lambda   a2            b2           
   0 1.6479957907e+19   0.00e+00  1.08e+09    1.000000e+00   1.000000e+00
   5 8.1671911017e+02  -3.90e-10  1.08e+04    1.000000e+00   7.524769e-07

After 5 iterations the fit converged.
final sum of squares of residuals : 816.719
rel. change during last iteration : -3.89758e-15

degrees of freedom    (FIT_NDF)                        : 5
rms of residuals      (FIT_STDFIT) = sqrt(WSSR/ndf)    : 12.7806
variance of residuals (reduced chisquare) = WSSR/ndf   : 163.344

Final set of parameters            Asymptotic Standard Error
=======================            ==========================
a2              = 1                +/- 2907         (2.907e+05%)
b2              = 7.52477e-07      +/- 1.894e-06    (251.8%)

correlation matrix of the fit parameters:
                a2     b2     
a2              1.000 
b2             -1.000  1.000 


*******************************************************************************
Mon Oct 15 14:02:02 2018


FIT:    data read from datafile u 1:2
        format = x:z
        x range restricted to ["20180601" : "21390801"]
        #datapoints = 7
        residuals are weighted equally (unit weight)

function used for fitting: f(x)
	f(x)=a+b*x
fitted parameters initialized with current variable values

iter      chisq       delta/lim  lambda   a             b            
   0 8.9444616780e+04   0.00e+00  1.09e+01    1.000000e+00   1.000000e-08
   7 4.7677059261e+03  -6.87e-04  1.09e-06   -4.269705e+04   2.789252e-05

After 7 iterations the fit converged.
final sum of squares of residuals : 4767.71
rel. change during last iteration : -6.87014e-09

degrees of freedom    (FIT_NDF)                        : 5
rms of residuals      (FIT_STDFIT) = sqrt(WSSR/ndf)    : 30.8795
variance of residuals (reduced chisquare) = WSSR/ndf   : 953.541

Final set of parameters            Asymptotic Standard Error
=======================            ==========================
a               = -42697.1         +/- 7023         (16.45%)
b               = 2.78925e-05      +/- 4.577e-06    (16.41%)

correlation matrix of the fit parameters:
                a      b      
a               1.000 
b              -1.000  1.000 


*******************************************************************************
Mon Oct 15 14:02:02 2018


FIT:    data read from datafile u 1:3
        format = x:z
        x range restricted to ["20180601" : "21390801"]
        #datapoints = 7
        residuals are weighted equally (unit weight)

function used for fitting: f2(x)
	f2(x) = a2 + b2 * x
fitted parameters initialized with current variable values

iter      chisq       delta/lim  lambda   a2            b2           
   0 1.6479957907e+19   0.00e+00  1.08e+09    1.000000e+00   1.000000e+00
   5 8.1671911017e+02  -3.90e-10  1.08e+04    1.000000e+00   7.524769e-07

After 5 iterations the fit converged.
final sum of squares of residuals : 816.719
rel. change during last iteration : -3.89758e-15

degrees of freedom    (FIT_NDF)                        : 5
rms of residuals      (FIT_STDFIT) = sqrt(WSSR/ndf)    : 12.7806
variance of residuals (reduced chisquare) = WSSR/ndf   : 163.344

Final set of parameters            Asymptotic Standard Error
=======================            ==========================
a2              = 1                +/- 2907         (2.907e+05%)
b2              = 7.52477e-07      +/- 1.894e-06    (251.8%)

correlation matrix of the fit parameters:
                a2     b2     
a2              1.000 
b2             -1.000  1.000 


*******************************************************************************
Mon Oct 15 14:03:32 2018


FIT:    data read from datafile u 1:2
        format = x:z
        x range restricted to ["20180601" : "21390801"]
        #datapoints = 7
        residuals are weighted equally (unit weight)

function used for fitting: f(x)
	f(x)=a+b*x
fitted parameters initialized with current variable values

iter      chisq       delta/lim  lambda   a             b            
   0 8.9444616780e+04   0.00e+00  1.09e+01    1.000000e+00   1.000000e-08
   7 4.7677059261e+03  -6.87e-04  1.09e-06   -4.269705e+04   2.789252e-05

After 7 iterations the fit converged.
final sum of squares of residuals : 4767.71
rel. change during last iteration : -6.87014e-09

degrees of freedom    (FIT_NDF)                        : 5
rms of residuals      (FIT_STDFIT) = sqrt(WSSR/ndf)    : 30.8795
variance of residuals (reduced chisquare) = WSSR/ndf   : 953.541

Final set of parameters            Asymptotic Standard Error
=======================            ==========================
a               = -42697.1         +/- 7023         (16.45%)
b               = 2.78925e-05      +/- 4.577e-06    (16.41%)

correlation matrix of the fit parameters:
                a      b      
a               1.000 
b              -1.000  1.000 


*******************************************************************************
Mon Oct 15 14:03:32 2018


FIT:    data read from datafile u 1:3
        format = x:z
        x range restricted to ["20180601" : "21390801"]
        #datapoints = 7
        residuals are weighted equally (unit weight)

function used for fitting: f2(x)
	f2(x) = a2 + b2 * x
fitted parameters initialized with current variable values

iter      chisq       delta/lim  lambda   a2            b2           
   0 1.6479957907e+19   0.00e+00  1.08e+09    1.000000e+00   1.000000e+00
   5 8.1671911017e+02  -3.90e-10  1.08e+04    1.000000e+00   7.524769e-07

After 5 iterations the fit converged.
final sum of squares of residuals : 816.719
rel. change during last iteration : -3.89758e-15

degrees of freedom    (FIT_NDF)                        : 5
rms of residuals      (FIT_STDFIT) = sqrt(WSSR/ndf)    : 12.7806
variance of residuals (reduced chisquare) = WSSR/ndf   : 163.344

Final set of parameters            Asymptotic Standard Error
=======================            ==========================
a2              = 1                +/- 2907         (2.907e+05%)
b2              = 7.52477e-07      +/- 1.894e-06    (251.8%)

correlation matrix of the fit parameters:
                a2     b2     
a2              1.000 
b2             -1.000  1.000 


*******************************************************************************
Mon Oct 15 14:04:12 2018


FIT:    data read from datafile u 1:2
        format = x:z
        x range restricted to ["20180601" : "21390801"]
        #datapoints = 7
        residuals are weighted equally (unit weight)

function used for fitting: f(x)
	f(x)=a+b*x
fitted parameters initialized with current variable values

iter      chisq       delta/lim  lambda   a             b            
   0 8.9444616780e+04   0.00e+00  1.09e+01    1.000000e+00   1.000000e-08
   7 4.7677059261e+03  -6.87e-04  1.09e-06   -4.269705e+04   2.789252e-05

After 7 iterations the fit converged.
final sum of squares of residuals : 4767.71
rel. change during last iteration : -6.87014e-09

degrees of freedom    (FIT_NDF)                        : 5
rms of residuals      (FIT_STDFIT) = sqrt(WSSR/ndf)    : 30.8795
variance of residuals (reduced chisquare) = WSSR/ndf   : 953.541

Final set of parameters            Asymptotic Standard Error
=======================            ==========================
a               = -42697.1         +/- 7023         (16.45%)
b               = 2.78925e-05      +/- 4.577e-06    (16.41%)

correlation matrix of the fit parameters:
                a      b      
a               1.000 
b              -1.000  1.000 


*******************************************************************************
Mon Oct 15 14:04:12 2018


FIT:    data read from datafile u 1:3
        format = x:z
        x range restricted to ["20180601" : "21390801"]
        #datapoints = 7
        residuals are weighted equally (unit weight)

function used for fitting: f2(x)
	f2(x) = a2 + b2 * x
fitted parameters initialized with current variable values

iter      chisq       delta/lim  lambda   a2            b2           
   0 1.6479957907e+19   0.00e+00  1.08e+09    1.000000e+00   1.000000e+00
   5 8.1671911017e+02  -3.90e-10  1.08e+04    1.000000e+00   7.524769e-07

After 5 iterations the fit converged.
final sum of squares of residuals : 816.719
rel. change during last iteration : -3.89758e-15

degrees of freedom    (FIT_NDF)                        : 5
rms of residuals      (FIT_STDFIT) = sqrt(WSSR/ndf)    : 12.7806
variance of residuals (reduced chisquare) = WSSR/ndf   : 163.344

Final set of parameters            Asymptotic Standard Error
=======================            ==========================
a2              = 1                +/- 2907         (2.907e+05%)
b2              = 7.52477e-07      +/- 1.894e-06    (251.8%)

correlation matrix of the fit parameters:
                a2     b2     
a2              1.000 
b2             -1.000  1.000 


*******************************************************************************
Mon Oct 15 14:06:03 2018


FIT:    data read from datafile u 1:2
        format = x:z
        x range restricted to ["20180601" : "21390801"]
        #datapoints = 7
        residuals are weighted equally (unit weight)

function used for fitting: f(x)
	f(x)=a+b*x
fitted parameters initialized with current variable values

iter      chisq       delta/lim  lambda   a             b            
   0 8.9444616780e+04   0.00e+00  1.09e+01    1.000000e+00   1.000000e-08
   7 4.7677059261e+03  -6.87e-04  1.09e-06   -4.269705e+04   2.789252e-05

After 7 iterations the fit converged.
final sum of squares of residuals : 4767.71
rel. change during last iteration : -6.87014e-09

degrees of freedom    (FIT_NDF)                        : 5
rms of residuals      (FIT_STDFIT) = sqrt(WSSR/ndf)    : 30.8795
variance of residuals (reduced chisquare) = WSSR/ndf   : 953.541

Final set of parameters            Asymptotic Standard Error
=======================            ==========================
a               = -42697.1         +/- 7023         (16.45%)
b               = 2.78925e-05      +/- 4.577e-06    (16.41%)

correlation matrix of the fit parameters:
                a      b      
a               1.000 
b              -1.000  1.000 


*******************************************************************************
Mon Oct 15 14:06:03 2018


FIT:    data read from datafile u 1:3
        format = x:z
        x range restricted to ["20180601" : "21390801"]
        #datapoints = 7
        residuals are weighted equally (unit weight)

function used for fitting: f2(x)
	f2(x) = a2 + b2 * x
fitted parameters initialized with current variable values

iter      chisq       delta/lim  lambda   a2            b2           
   0 1.6479957907e+19   0.00e+00  1.08e+09    1.000000e+00   1.000000e+00
   5 8.1671911017e+02  -3.90e-10  1.08e+04    1.000000e+00   7.524769e-07

After 5 iterations the fit converged.
final sum of squares of residuals : 816.719
rel. change during last iteration : -3.89758e-15

degrees of freedom    (FIT_NDF)                        : 5
rms of residuals      (FIT_STDFIT) = sqrt(WSSR/ndf)    : 12.7806
variance of residuals (reduced chisquare) = WSSR/ndf   : 163.344

Final set of parameters            Asymptotic Standard Error
=======================            ==========================
a2              = 1                +/- 2907         (2.907e+05%)
b2              = 7.52477e-07      +/- 1.894e-06    (251.8%)

correlation matrix of the fit parameters:
                a2     b2     
a2              1.000 
b2             -1.000  1.000 


*******************************************************************************
Mon Oct 15 14:07:25 2018


FIT:    data read from datafile u 1:2
        format = x:z
        x range restricted to ["20180601" : "21390801"]
        #datapoints = 7
        residuals are weighted equally (unit weight)

function used for fitting: f(x)
	f(x)=a+b*x
fitted parameters initialized with current variable values

iter      chisq       delta/lim  lambda   a             b            
   0 8.9444616780e+04   0.00e+00  1.09e+01    1.000000e+00   1.000000e-08
   7 4.7677059261e+03  -6.87e-04  1.09e-06   -4.269705e+04   2.789252e-05

After 7 iterations the fit converged.
final sum of squares of residuals : 4767.71
rel. change during last iteration : -6.87014e-09

degrees of freedom    (FIT_NDF)                        : 5
rms of residuals      (FIT_STDFIT) = sqrt(WSSR/ndf)    : 30.8795
variance of residuals (reduced chisquare) = WSSR/ndf   : 953.541

Final set of parameters            Asymptotic Standard Error
=======================            ==========================
a               = -42697.1         +/- 7023         (16.45%)
b               = 2.78925e-05      +/- 4.577e-06    (16.41%)

correlation matrix of the fit parameters:
                a      b      
a               1.000 
b              -1.000  1.000 


*******************************************************************************
Mon Oct 15 14:07:25 2018


FIT:    data read from datafile u 1:3
        format = x:z
        x range restricted to ["20180601" : "21390801"]
        #datapoints = 7
        residuals are weighted equally (unit weight)

function used for fitting: f2(x)
	f2(x) = a2 + b2 * x
fitted parameters initialized with current variable values

iter      chisq       delta/lim  lambda   a2            b2           
   0 1.6479957907e+19   0.00e+00  1.08e+09    1.000000e+00   1.000000e+00
   5 8.1671911017e+02  -3.90e-10  1.08e+04    1.000000e+00   7.524769e-07

After 5 iterations the fit converged.
final sum of squares of residuals : 816.719
rel. change during last iteration : -3.89758e-15

degrees of freedom    (FIT_NDF)                        : 5
rms of residuals      (FIT_STDFIT) = sqrt(WSSR/ndf)    : 12.7806
variance of residuals (reduced chisquare) = WSSR/ndf   : 163.344

Final set of parameters            Asymptotic Standard Error
=======================            ==========================
a2              = 1                +/- 2907         (2.907e+05%)
b2              = 7.52477e-07      +/- 1.894e-06    (251.8%)

correlation matrix of the fit parameters:
                a2     b2     
a2              1.000 
b2             -1.000  1.000 


*******************************************************************************
Mon Oct 15 14:11:06 2018


FIT:    data read from datafile u 1:2
        format = x:z
        x range restricted to ["20180601" : "21390801"]
        #datapoints = 7
        residuals are weighted equally (unit weight)

function used for fitting: f(x)
	f(x)=a+b*x
fitted parameters initialized with current variable values

iter      chisq       delta/lim  lambda   a             b            
   0 8.9444616780e+04   0.00e+00  1.09e+01    1.000000e+00   1.000000e-08
   7 4.7677059261e+03  -6.87e-04  1.09e-06   -4.269705e+04   2.789252e-05

After 7 iterations the fit converged.
final sum of squares of residuals : 4767.71
rel. change during last iteration : -6.87014e-09

degrees of freedom    (FIT_NDF)                        : 5
rms of residuals      (FIT_STDFIT) = sqrt(WSSR/ndf)    : 30.8795
variance of residuals (reduced chisquare) = WSSR/ndf   : 953.541

Final set of parameters            Asymptotic Standard Error
=======================            ==========================
a               = -42697.1         +/- 7023         (16.45%)
b               = 2.78925e-05      +/- 4.577e-06    (16.41%)

correlation matrix of the fit parameters:
                a      b      
a               1.000 
b              -1.000  1.000 


*******************************************************************************
Mon Oct 15 14:11:06 2018


FIT:    data read from datafile u 1:3
        format = x:z
        x range restricted to ["20180601" : "21390801"]
        #datapoints = 7
        residuals are weighted equally (unit weight)

function used for fitting: f2(x)
	f2(x) = a2 + b2 * x
fitted parameters initialized with current variable values

iter      chisq       delta/lim  lambda   a2            b2           
   0 1.6479957907e+19   0.00e+00  1.08e+09    1.000000e+00   1.000000e+00
   5 8.1671911017e+02  -3.90e-10  1.08e+04    1.000000e+00   7.524769e-07

After 5 iterations the fit converged.
final sum of squares of residuals : 816.719
rel. change during last iteration : -3.89758e-15

degrees of freedom    (FIT_NDF)                        : 5
rms of residuals      (FIT_STDFIT) = sqrt(WSSR/ndf)    : 12.7806
variance of residuals (reduced chisquare) = WSSR/ndf   : 163.344

Final set of parameters            Asymptotic Standard Error
=======================            ==========================
a2              = 1                +/- 2907         (2.907e+05%)
b2              = 7.52477e-07      +/- 1.894e-06    (251.8%)

correlation matrix of the fit parameters:
                a2     b2     
a2              1.000 
b2             -1.000  1.000 


*******************************************************************************
Mon Oct 15 14:11:22 2018


FIT:    data read from datafile u 1:2
        format = x:z
        x range restricted to ["20180601" : "21390801"]
        #datapoints = 7
        residuals are weighted equally (unit weight)

function used for fitting: f(x)
	f(x)=a+b*x
fitted parameters initialized with current variable values

iter      chisq       delta/lim  lambda   a             b            
   0 8.9444616780e+04   0.00e+00  1.09e+01    1.000000e+00   1.000000e-08
   7 4.7677059261e+03  -6.87e-04  1.09e-06   -4.269705e+04   2.789252e-05

After 7 iterations the fit converged.
final sum of squares of residuals : 4767.71
rel. change during last iteration : -6.87014e-09

degrees of freedom    (FIT_NDF)                        : 5
rms of residuals      (FIT_STDFIT) = sqrt(WSSR/ndf)    : 30.8795
variance of residuals (reduced chisquare) = WSSR/ndf   : 953.541

Final set of parameters            Asymptotic Standard Error
=======================            ==========================
a               = -42697.1         +/- 7023         (16.45%)
b               = 2.78925e-05      +/- 4.577e-06    (16.41%)

correlation matrix of the fit parameters:
                a      b      
a               1.000 
b              -1.000  1.000 


*******************************************************************************
Mon Oct 15 14:11:22 2018


FIT:    data read from datafile u 1:3
        format = x:z
        x range restricted to ["20180601" : "21390801"]
        #datapoints = 7
        residuals are weighted equally (unit weight)

function used for fitting: f2(x)
	f2(x) = a2 + b2 * x
fitted parameters initialized with current variable values

iter      chisq       delta/lim  lambda   a2            b2           
   0 1.6479957907e+19   0.00e+00  1.08e+09    1.000000e+00   1.000000e+00
   5 8.1671911017e+02  -3.90e-10  1.08e+04    1.000000e+00   7.524769e-07

After 5 iterations the fit converged.
final sum of squares of residuals : 816.719
rel. change during last iteration : -3.89758e-15

degrees of freedom    (FIT_NDF)                        : 5
rms of residuals      (FIT_STDFIT) = sqrt(WSSR/ndf)    : 12.7806
variance of residuals (reduced chisquare) = WSSR/ndf   : 163.344

Final set of parameters            Asymptotic Standard Error
=======================            ==========================
a2              = 1                +/- 2907         (2.907e+05%)
b2              = 7.52477e-07      +/- 1.894e-06    (251.8%)

correlation matrix of the fit parameters:
                a2     b2     
a2              1.000 
b2             -1.000  1.000 


*******************************************************************************
Mon Oct 15 14:13:48 2018


FIT:    data read from datafile u 1:2
        format = x:z
        x range restricted to ["20180601" : "21390801"]
        #datapoints = 7
        residuals are weighted equally (unit weight)

function used for fitting: f(x)
	f(x)=a+b*x
fitted parameters initialized with current variable values

iter      chisq       delta/lim  lambda   a             b            
   0 8.9444616780e+04   0.00e+00  1.09e+01    1.000000e+00   1.000000e-08
   7 4.7677059261e+03  -6.87e-04  1.09e-06   -4.269705e+04   2.789252e-05

After 7 iterations the fit converged.
final sum of squares of residuals : 4767.71
rel. change during last iteration : -6.87014e-09

degrees of freedom    (FIT_NDF)                        : 5
rms of residuals      (FIT_STDFIT) = sqrt(WSSR/ndf)    : 30.8795
variance of residuals (reduced chisquare) = WSSR/ndf   : 953.541

Final set of parameters            Asymptotic Standard Error
=======================            ==========================
a               = -42697.1         +/- 7023         (16.45%)
b               = 2.78925e-05      +/- 4.577e-06    (16.41%)

correlation matrix of the fit parameters:
                a      b      
a               1.000 
b              -1.000  1.000 


*******************************************************************************
Mon Oct 15 14:13:48 2018


FIT:    data read from datafile u 1:3
        format = x:z
        x range restricted to ["20180601" : "21390801"]
        #datapoints = 7
        residuals are weighted equally (unit weight)

function used for fitting: f2(x)
	f2(x) = a2 + b2 * x
fitted parameters initialized with current variable values

iter      chisq       delta/lim  lambda   a2            b2           
   0 1.6479957907e+19   0.00e+00  1.08e+09    1.000000e+00   1.000000e+00
   5 8.1671911017e+02  -3.90e-10  1.08e+04    1.000000e+00   7.524769e-07

After 5 iterations the fit converged.
final sum of squares of residuals : 816.719
rel. change during last iteration : -3.89758e-15

degrees of freedom    (FIT_NDF)                        : 5
rms of residuals      (FIT_STDFIT) = sqrt(WSSR/ndf)    : 12.7806
variance of residuals (reduced chisquare) = WSSR/ndf   : 163.344

Final set of parameters            Asymptotic Standard Error
=======================            ==========================
a2              = 1                +/- 2907         (2.907e+05%)
b2              = 7.52477e-07      +/- 1.894e-06    (251.8%)

correlation matrix of the fit parameters:
                a2     b2     
a2              1.000 
b2             -1.000  1.000 


*******************************************************************************
Mon Oct 15 14:16:46 2018


FIT:    data read from datafile u 1:2
        format = x:z
        x range restricted to ["20180601" : "21390801"]
        #datapoints = 7
        residuals are weighted equally (unit weight)

function used for fitting: f(x)
	f(x)=a+b*x
fitted parameters initialized with current variable values

iter      chisq       delta/lim  lambda   a             b            
   0 8.9444616780e+04   0.00e+00  1.09e+01    1.000000e+00   1.000000e-08
   7 4.7677059261e+03  -6.87e-04  1.09e-06   -4.269705e+04   2.789252e-05

After 7 iterations the fit converged.
final sum of squares of residuals : 4767.71
rel. change during last iteration : -6.87014e-09

degrees of freedom    (FIT_NDF)                        : 5
rms of residuals      (FIT_STDFIT) = sqrt(WSSR/ndf)    : 30.8795
variance of residuals (reduced chisquare) = WSSR/ndf   : 953.541

Final set of parameters            Asymptotic Standard Error
=======================            ==========================
a               = -42697.1         +/- 7023         (16.45%)
b               = 2.78925e-05      +/- 4.577e-06    (16.41%)

correlation matrix of the fit parameters:
                a      b      
a               1.000 
b              -1.000  1.000 


*******************************************************************************
Mon Oct 15 14:16:46 2018


FIT:    data read from datafile u 1:3
        format = x:z
        x range restricted to ["20180601" : "21390801"]
        #datapoints = 7
        residuals are weighted equally (unit weight)

function used for fitting: f2(x)
	f2(x) = a2 + b2 * x
fitted parameters initialized with current variable values

iter      chisq       delta/lim  lambda   a2            b2           
   0 1.6479957907e+19   0.00e+00  1.08e+09    1.000000e+00   1.000000e+00
   5 8.1671911017e+02  -3.90e-10  1.08e+04    1.000000e+00   7.524769e-07

After 5 iterations the fit converged.
final sum of squares of residuals : 816.719
rel. change during last iteration : -3.89758e-15

degrees of freedom    (FIT_NDF)                        : 5
rms of residuals      (FIT_STDFIT) = sqrt(WSSR/ndf)    : 12.7806
variance of residuals (reduced chisquare) = WSSR/ndf   : 163.344

Final set of parameters            Asymptotic Standard Error
=======================            ==========================
a2              = 1                +/- 2907         (2.907e+05%)
b2              = 7.52477e-07      +/- 1.894e-06    (251.8%)

correlation matrix of the fit parameters:
                a2     b2     
a2              1.000 
b2             -1.000  1.000 


*******************************************************************************
Mon Oct 15 14:17:41 2018


FIT:    data read from datafile u 1:2
        format = x:z
        x range restricted to ["20180601" : "21390801"]
        #datapoints = 7
        residuals are weighted equally (unit weight)

function used for fitting: f(x)
	f(x)=a+b*x
fitted parameters initialized with current variable values

iter      chisq       delta/lim  lambda   a             b            
   0 8.9444616780e+04   0.00e+00  1.09e+01    1.000000e+00   1.000000e-08
   7 4.7677059261e+03  -6.87e-04  1.09e-06   -4.269705e+04   2.789252e-05

After 7 iterations the fit converged.
final sum of squares of residuals : 4767.71
rel. change during last iteration : -6.87014e-09

degrees of freedom    (FIT_NDF)                        : 5
rms of residuals      (FIT_STDFIT) = sqrt(WSSR/ndf)    : 30.8795
variance of residuals (reduced chisquare) = WSSR/ndf   : 953.541

Final set of parameters            Asymptotic Standard Error
=======================            ==========================
a               = -42697.1         +/- 7023         (16.45%)
b               = 2.78925e-05      +/- 4.577e-06    (16.41%)

correlation matrix of the fit parameters:
                a      b      
a               1.000 
b              -1.000  1.000 


*******************************************************************************
Mon Oct 15 14:17:41 2018


FIT:    data read from datafile u 1:3
        format = x:z
        x range restricted to ["20180601" : "21390801"]
        #datapoints = 7
        residuals are weighted equally (unit weight)

function used for fitting: f2(x)
	f2(x) = a2 + b2 * x
fitted parameters initialized with current variable values

iter      chisq       delta/lim  lambda   a2            b2           
   0 1.6479957907e+19   0.00e+00  1.08e+09    1.000000e+00   1.000000e+00
   5 8.1671911017e+02  -3.90e-10  1.08e+04    1.000000e+00   7.524769e-07

After 5 iterations the fit converged.
final sum of squares of residuals : 816.719
rel. change during last iteration : -3.89758e-15

degrees of freedom    (FIT_NDF)                        : 5
rms of residuals      (FIT_STDFIT) = sqrt(WSSR/ndf)    : 12.7806
variance of residuals (reduced chisquare) = WSSR/ndf   : 163.344

Final set of parameters            Asymptotic Standard Error
=======================            ==========================
a2              = 1                +/- 2907         (2.907e+05%)
b2              = 7.52477e-07      +/- 1.894e-06    (251.8%)

correlation matrix of the fit parameters:
                a2     b2     
a2              1.000 
b2             -1.000  1.000 


*******************************************************************************
Mon Oct 15 14:18:51 2018


FIT:    data read from datafile u 1:2
        format = x:z
        x range restricted to ["20180601" : "21390801"]
        #datapoints = 7
        residuals are weighted equally (unit weight)

function used for fitting: f(x)
	f(x)=a+b*x
fitted parameters initialized with current variable values

iter      chisq       delta/lim  lambda   a             b            
   0 8.9444616780e+04   0.00e+00  1.09e+01    1.000000e+00   1.000000e-08
   7 4.7677059261e+03  -6.87e-04  1.09e-06   -4.269705e+04   2.789252e-05

After 7 iterations the fit converged.
final sum of squares of residuals : 4767.71
rel. change during last iteration : -6.87014e-09

degrees of freedom    (FIT_NDF)                        : 5
rms of residuals      (FIT_STDFIT) = sqrt(WSSR/ndf)    : 30.8795
variance of residuals (reduced chisquare) = WSSR/ndf   : 953.541

Final set of parameters            Asymptotic Standard Error
=======================            ==========================
a               = -42697.1         +/- 7023         (16.45%)
b               = 2.78925e-05      +/- 4.577e-06    (16.41%)

correlation matrix of the fit parameters:
                a      b      
a               1.000 
b              -1.000  1.000 


*******************************************************************************
Mon Oct 15 14:18:51 2018


FIT:    data read from datafile u 1:3
        format = x:z
        x range restricted to ["20180601" : "21390801"]
        #datapoints = 7
        residuals are weighted equally (unit weight)

function used for fitting: f2(x)
	f2(x) = a2 + b2 * x
fitted parameters initialized with current variable values

iter      chisq       delta/lim  lambda   a2            b2           
   0 1.6479957907e+19   0.00e+00  1.08e+09    1.000000e+00   1.000000e+00
   5 8.1671911017e+02  -3.90e-10  1.08e+04    1.000000e+00   7.524769e-07

After 5 iterations the fit converged.
final sum of squares of residuals : 816.719
rel. change during last iteration : -3.89758e-15

degrees of freedom    (FIT_NDF)                        : 5
rms of residuals      (FIT_STDFIT) = sqrt(WSSR/ndf)    : 12.7806
variance of residuals (reduced chisquare) = WSSR/ndf   : 163.344

Final set of parameters            Asymptotic Standard Error
=======================            ==========================
a2              = 1                +/- 2907         (2.907e+05%)
b2              = 7.52477e-07      +/- 1.894e-06    (251.8%)

correlation matrix of the fit parameters:
                a2     b2     
a2              1.000 
b2             -1.000  1.000 


*******************************************************************************
Mon Oct 15 14:24:10 2018


FIT:    data read from datafile u 1:2
        format = x:z
        x range restricted to ["20180601" : "21390801"]
        #datapoints = 7
        residuals are weighted equally (unit weight)

function used for fitting: f(x)
	f(x)=a+b*x
fitted parameters initialized with current variable values

iter      chisq       delta/lim  lambda   a             b            
   0 8.9444616780e+04   0.00e+00  1.09e+01    1.000000e+00   1.000000e-08
   7 4.7677059261e+03  -6.87e-04  1.09e-06   -4.269705e+04   2.789252e-05

After 7 iterations the fit converged.
final sum of squares of residuals : 4767.71
rel. change during last iteration : -6.87014e-09

degrees of freedom    (FIT_NDF)                        : 5
rms of residuals      (FIT_STDFIT) = sqrt(WSSR/ndf)    : 30.8795
variance of residuals (reduced chisquare) = WSSR/ndf   : 953.541

Final set of parameters            Asymptotic Standard Error
=======================            ==========================
a               = -42697.1         +/- 7023         (16.45%)
b               = 2.78925e-05      +/- 4.577e-06    (16.41%)

correlation matrix of the fit parameters:
                a      b      
a               1.000 
b              -1.000  1.000 


*******************************************************************************
Mon Oct 15 14:24:10 2018


FIT:    data read from datafile u 1:3
        format = x:z
        x range restricted to ["20180601" : "21390801"]
        #datapoints = 7
        residuals are weighted equally (unit weight)

function used for fitting: f2(x)
	f2(x) = a2 + b2 * x
fitted parameters initialized with current variable values

iter      chisq       delta/lim  lambda   a2            b2           
   0 1.6479957907e+19   0.00e+00  1.08e+09    1.000000e+00   1.000000e+00
   5 8.1671911017e+02  -3.90e-10  1.08e+04    1.000000e+00   7.524769e-07

After 5 iterations the fit converged.
final sum of squares of residuals : 816.719
rel. change during last iteration : -3.89758e-15

degrees of freedom    (FIT_NDF)                        : 5
rms of residuals      (FIT_STDFIT) = sqrt(WSSR/ndf)    : 12.7806
variance of residuals (reduced chisquare) = WSSR/ndf   : 163.344

Final set of parameters            Asymptotic Standard Error
=======================            ==========================
a2              = 1                +/- 2907         (2.907e+05%)
b2              = 7.52477e-07      +/- 1.894e-06    (251.8%)

correlation matrix of the fit parameters:
                a2     b2     
a2              1.000 
b2             -1.000  1.000 


*******************************************************************************
Mon Oct 15 14:27:14 2018


FIT:    data read from datafile u 1:2
        format = x:z
        x range restricted to ["20180601" : "21390801"]
        #datapoints = 7
        residuals are weighted equally (unit weight)

function used for fitting: f(x)
	f(x)=a+b*x
fitted parameters initialized with current variable values

iter      chisq       delta/lim  lambda   a             b            
   0 8.9444616780e+04   0.00e+00  1.09e+01    1.000000e+00   1.000000e-08
   7 4.7677059261e+03  -6.87e-04  1.09e-06   -4.269705e+04   2.789252e-05

After 7 iterations the fit converged.
final sum of squares of residuals : 4767.71
rel. change during last iteration : -6.87014e-09

degrees of freedom    (FIT_NDF)                        : 5
rms of residuals      (FIT_STDFIT) = sqrt(WSSR/ndf)    : 30.8795
variance of residuals (reduced chisquare) = WSSR/ndf   : 953.541

Final set of parameters            Asymptotic Standard Error
=======================            ==========================
a               = -42697.1         +/- 7023         (16.45%)
b               = 2.78925e-05      +/- 4.577e-06    (16.41%)

correlation matrix of the fit parameters:
                a      b      
a               1.000 
b              -1.000  1.000 


*******************************************************************************
Mon Oct 15 14:27:14 2018


FIT:    data read from datafile u 1:3
        format = x:z
        x range restricted to ["20180601" : "21390801"]
        #datapoints = 7
        residuals are weighted equally (unit weight)

function used for fitting: f2(x)
	f2(x) = a2 + b2 * x
fitted parameters initialized with current variable values

iter      chisq       delta/lim  lambda   a2            b2           
   0 1.6479957907e+19   0.00e+00  1.08e+09    1.000000e+00   1.000000e+00
   5 8.1671911017e+02  -3.90e-10  1.08e+04    1.000000e+00   7.524769e-07

After 5 iterations the fit converged.
final sum of squares of residuals : 816.719
rel. change during last iteration : -3.89758e-15

degrees of freedom    (FIT_NDF)                        : 5
rms of residuals      (FIT_STDFIT) = sqrt(WSSR/ndf)    : 12.7806
variance of residuals (reduced chisquare) = WSSR/ndf   : 163.344

Final set of parameters            Asymptotic Standard Error
=======================            ==========================
a2              = 1                +/- 2907         (2.907e+05%)
b2              = 7.52477e-07      +/- 1.894e-06    (251.8%)

correlation matrix of the fit parameters:
                a2     b2     
a2              1.000 
b2             -1.000  1.000 


*******************************************************************************
Mon Oct 15 14:29:04 2018


FIT:    data read from datafile u 1:2
        format = x:z
        x range restricted to ["20180601" : "21390801"]
        #datapoints = 7
        residuals are weighted equally (unit weight)

function used for fitting: f(x)
	f(x)=a+b*x
fitted parameters initialized with current variable values

iter      chisq       delta/lim  lambda   a             b            
   0 8.9444616780e+04   0.00e+00  1.09e+01    1.000000e+00   1.000000e-08
   7 4.7677059261e+03  -6.87e-04  1.09e-06   -4.269705e+04   2.789252e-05

After 7 iterations the fit converged.
final sum of squares of residuals : 4767.71
rel. change during last iteration : -6.87014e-09

degrees of freedom    (FIT_NDF)                        : 5
rms of residuals      (FIT_STDFIT) = sqrt(WSSR/ndf)    : 30.8795
variance of residuals (reduced chisquare) = WSSR/ndf   : 953.541

Final set of parameters            Asymptotic Standard Error
=======================            ==========================
a               = -42697.1         +/- 7023         (16.45%)
b               = 2.78925e-05      +/- 4.577e-06    (16.41%)

correlation matrix of the fit parameters:
                a      b      
a               1.000 
b              -1.000  1.000 


*******************************************************************************
Mon Oct 15 14:29:04 2018


FIT:    data read from datafile u 1:3
        format = x:z
        x range restricted to ["20180601" : "21390801"]
        #datapoints = 7
        residuals are weighted equally (unit weight)

function used for fitting: f2(x)
	f2(x) = a2 + b2 * x
fitted parameters initialized with current variable values

iter      chisq       delta/lim  lambda   a2            b2           
   0 1.6479957907e+19   0.00e+00  1.08e+09    1.000000e+00   1.000000e+00
   5 8.1671911017e+02  -3.90e-10  1.08e+04    1.000000e+00   7.524769e-07

After 5 iterations the fit converged.
final sum of squares of residuals : 816.719
rel. change during last iteration : -3.89758e-15

degrees of freedom    (FIT_NDF)                        : 5
rms of residuals      (FIT_STDFIT) = sqrt(WSSR/ndf)    : 12.7806
variance of residuals (reduced chisquare) = WSSR/ndf   : 163.344

Final set of parameters            Asymptotic Standard Error
=======================            ==========================
a2              = 1                +/- 2907         (2.907e+05%)
b2              = 7.52477e-07      +/- 1.894e-06    (251.8%)

correlation matrix of the fit parameters:
                a2     b2     
a2              1.000 
b2             -1.000  1.000 


*******************************************************************************
Mon Oct 15 14:42:41 2018


FIT:    data read from datafile u 1:2
        format = x:z
        x range restricted to ["20180601" : "21390801"]
        #datapoints = 7
        residuals are weighted equally (unit weight)

function used for fitting: f(x)
	f(x)=a+b*x
fitted parameters initialized with current variable values

iter      chisq       delta/lim  lambda   a             b            
   0 8.9444616780e+04   0.00e+00  1.09e+01    1.000000e+00   1.000000e-08
   7 4.7677059261e+03  -6.87e-04  1.09e-06   -4.269705e+04   2.789252e-05

After 7 iterations the fit converged.
final sum of squares of residuals : 4767.71
rel. change during last iteration : -6.87014e-09

degrees of freedom    (FIT_NDF)                        : 5
rms of residuals      (FIT_STDFIT) = sqrt(WSSR/ndf)    : 30.8795
variance of residuals (reduced chisquare) = WSSR/ndf   : 953.541

Final set of parameters            Asymptotic Standard Error
=======================            ==========================
a               = -42697.1         +/- 7023         (16.45%)
b               = 2.78925e-05      +/- 4.577e-06    (16.41%)

correlation matrix of the fit parameters:
                a      b      
a               1.000 
b              -1.000  1.000 


*******************************************************************************
Mon Oct 15 14:42:41 2018


FIT:    data read from datafile u 1:3
        format = x:z
        x range restricted to ["20180601" : "21390801"]
        #datapoints = 7
        residuals are weighted equally (unit weight)

function used for fitting: f2(x)
	f2(x) = a2 + b2 * x
fitted parameters initialized with current variable values

iter      chisq       delta/lim  lambda   a2            b2           
   0 1.6479957907e+19   0.00e+00  1.08e+09    1.000000e+00   1.000000e+00
   5 8.1671911017e+02  -3.90e-10  1.08e+04    1.000000e+00   7.524769e-07

After 5 iterations the fit converged.
final sum of squares of residuals : 816.719
rel. change during last iteration : -3.89758e-15

degrees of freedom    (FIT_NDF)                        : 5
rms of residuals      (FIT_STDFIT) = sqrt(WSSR/ndf)    : 12.7806
variance of residuals (reduced chisquare) = WSSR/ndf   : 163.344

Final set of parameters            Asymptotic Standard Error
=======================            ==========================
a2              = 1                +/- 2907         (2.907e+05%)
b2              = 7.52477e-07      +/- 1.894e-06    (251.8%)

correlation matrix of the fit parameters:
                a2     b2     
a2              1.000 
b2             -1.000  1.000 


*******************************************************************************
Mon Oct 15 15:21:50 2018


FIT:    data read from datafile u 1:2
        format = x:z
        x range restricted to ["20180601" : "21390801"]
        #datapoints = 7
        residuals are weighted equally (unit weight)

function used for fitting: f(x)
	f(x)=a+b*x
fitted parameters initialized with current variable values

iter      chisq       delta/lim  lambda   a             b            
   0 8.9444616780e+04   0.00e+00  1.09e+01    1.000000e+00   1.000000e-08
   7 4.7677059261e+03  -6.87e-04  1.09e-06   -4.269705e+04   2.789252e-05

After 7 iterations the fit converged.
final sum of squares of residuals : 4767.71
rel. change during last iteration : -6.87014e-09

degrees of freedom    (FIT_NDF)                        : 5
rms of residuals      (FIT_STDFIT) = sqrt(WSSR/ndf)    : 30.8795
variance of residuals (reduced chisquare) = WSSR/ndf   : 953.541

Final set of parameters            Asymptotic Standard Error
=======================            ==========================
a               = -42697.1         +/- 7023         (16.45%)
b               = 2.78925e-05      +/- 4.577e-06    (16.41%)

correlation matrix of the fit parameters:
                a      b      
a               1.000 
b              -1.000  1.000 


*******************************************************************************
Mon Oct 15 15:21:50 2018


FIT:    data read from datafile u 1:3
        format = x:z
        x range restricted to ["20180601" : "21390801"]
        #datapoints = 7
        residuals are weighted equally (unit weight)

function used for fitting: f2(x)
	f2(x) = a2 + b2 * x
fitted parameters initialized with current variable values

iter      chisq       delta/lim  lambda   a2            b2           
   0 1.6479957907e+19   0.00e+00  1.08e+09    1.000000e+00   1.000000e+00
   5 8.1671911017e+02  -3.90e-10  1.08e+04    1.000000e+00   7.524769e-07

After 5 iterations the fit converged.
final sum of squares of residuals : 816.719
rel. change during last iteration : -3.89758e-15

degrees of freedom    (FIT_NDF)                        : 5
rms of residuals      (FIT_STDFIT) = sqrt(WSSR/ndf)    : 12.7806
variance of residuals (reduced chisquare) = WSSR/ndf   : 163.344

Final set of parameters            Asymptotic Standard Error
=======================            ==========================
a2              = 1                +/- 2907         (2.907e+05%)
b2              = 7.52477e-07      +/- 1.894e-06    (251.8%)

correlation matrix of the fit parameters:
                a2     b2     
a2              1.000 
b2             -1.000  1.000 


*******************************************************************************
Mon Oct 15 15:22:35 2018


FIT:    data read from datafile u 1:2
        format = x:z
        x range restricted to ["20180601" : "21390801"]
        #datapoints = 7
        residuals are weighted equally (unit weight)

function used for fitting: f(x)
	f(x)=a+b*x
fitted parameters initialized with current variable values

iter      chisq       delta/lim  lambda   a             b            
   0 8.9444616780e+04   0.00e+00  1.09e+01    1.000000e+00   1.000000e-08
   7 4.7677059261e+03  -6.87e-04  1.09e-06   -4.269705e+04   2.789252e-05

After 7 iterations the fit converged.
final sum of squares of residuals : 4767.71
rel. change during last iteration : -6.87014e-09

degrees of freedom    (FIT_NDF)                        : 5
rms of residuals      (FIT_STDFIT) = sqrt(WSSR/ndf)    : 30.8795
variance of residuals (reduced chisquare) = WSSR/ndf   : 953.541

Final set of parameters            Asymptotic Standard Error
=======================            ==========================
a               = -42697.1         +/- 7023         (16.45%)
b               = 2.78925e-05      +/- 4.577e-06    (16.41%)

correlation matrix of the fit parameters:
                a      b      
a               1.000 
b              -1.000  1.000 


*******************************************************************************
Mon Oct 15 15:22:35 2018


FIT:    data read from datafile u 1:3
        format = x:z
        x range restricted to ["20180601" : "21390801"]
        #datapoints = 7
        residuals are weighted equally (unit weight)

function used for fitting: f2(x)
	f2(x) = a2 + b2 * x
fitted parameters initialized with current variable values

iter      chisq       delta/lim  lambda   a2            b2           
   0 1.6479957907e+19   0.00e+00  1.08e+09    1.000000e+00   1.000000e+00
   5 8.1671911017e+02  -3.90e-10  1.08e+04    1.000000e+00   7.524769e-07

After 5 iterations the fit converged.
final sum of squares of residuals : 816.719
rel. change during last iteration : -3.89758e-15

degrees of freedom    (FIT_NDF)                        : 5
rms of residuals      (FIT_STDFIT) = sqrt(WSSR/ndf)    : 12.7806
variance of residuals (reduced chisquare) = WSSR/ndf   : 163.344

Final set of parameters            Asymptotic Standard Error
=======================            ==========================
a2              = 1                +/- 2907         (2.907e+05%)
b2              = 7.52477e-07      +/- 1.894e-06    (251.8%)

correlation matrix of the fit parameters:
                a2     b2     
a2              1.000 
b2             -1.000  1.000 


*******************************************************************************
Mon Oct 15 15:23:09 2018


FIT:    data read from datafile u 1:2
        format = x:z
        x range restricted to ["20180601" : "21390801"]
        #datapoints = 7
        residuals are weighted equally (unit weight)

function used for fitting: f(x)
	f(x)=a+b*x
fitted parameters initialized with current variable values

iter      chisq       delta/lim  lambda   a             b            
   0 8.9444616780e+04   0.00e+00  1.09e+01    1.000000e+00   1.000000e-08
   7 4.7677059261e+03  -6.87e-04  1.09e-06   -4.269705e+04   2.789252e-05

After 7 iterations the fit converged.
final sum of squares of residuals : 4767.71
rel. change during last iteration : -6.87014e-09

degrees of freedom    (FIT_NDF)                        : 5
rms of residuals      (FIT_STDFIT) = sqrt(WSSR/ndf)    : 30.8795
variance of residuals (reduced chisquare) = WSSR/ndf   : 953.541

Final set of parameters            Asymptotic Standard Error
=======================            ==========================
a               = -42697.1         +/- 7023         (16.45%)
b               = 2.78925e-05      +/- 4.577e-06    (16.41%)

correlation matrix of the fit parameters:
                a      b      
a               1.000 
b              -1.000  1.000 


*******************************************************************************
Mon Oct 15 15:23:09 2018


FIT:    data read from datafile u 1:3
        format = x:z
        x range restricted to ["20180601" : "21390801"]
        #datapoints = 7
        residuals are weighted equally (unit weight)

function used for fitting: f2(x)
	f2(x) = a2 + b2 * x
fitted parameters initialized with current variable values

iter      chisq       delta/lim  lambda   a2            b2           
   0 1.6479957907e+19   0.00e+00  1.08e+09    1.000000e+00   1.000000e+00
   5 8.1671911017e+02  -3.90e-10  1.08e+04    1.000000e+00   7.524769e-07

After 5 iterations the fit converged.
final sum of squares of residuals : 816.719
rel. change during last iteration : -3.89758e-15

degrees of freedom    (FIT_NDF)                        : 5
rms of residuals      (FIT_STDFIT) = sqrt(WSSR/ndf)    : 12.7806
variance of residuals (reduced chisquare) = WSSR/ndf   : 163.344

Final set of parameters            Asymptotic Standard Error
=======================            ==========================
a2              = 1                +/- 2907         (2.907e+05%)
b2              = 7.52477e-07      +/- 1.894e-06    (251.8%)

correlation matrix of the fit parameters:
                a2     b2     
a2              1.000 
b2             -1.000  1.000 


*******************************************************************************
Tue Oct 16 12:15:32 2018


FIT:    data read from datafile u 1:2
        format = x:z
        x range restricted to ["20180601" : "21390801"]
        #datapoints = 7
        residuals are weighted equally (unit weight)

function used for fitting: f(x)
	f(x)=a+b*x
fitted parameters initialized with current variable values

iter      chisq       delta/lim  lambda   a             b            
   0 8.9444616780e+04   0.00e+00  1.09e+01    1.000000e+00   1.000000e-08
   7 4.7677059261e+03  -6.87e-04  1.09e-06   -4.269705e+04   2.789252e-05

After 7 iterations the fit converged.
final sum of squares of residuals : 4767.71
rel. change during last iteration : -6.87014e-09

degrees of freedom    (FIT_NDF)                        : 5
rms of residuals      (FIT_STDFIT) = sqrt(WSSR/ndf)    : 30.8795
variance of residuals (reduced chisquare) = WSSR/ndf   : 953.541

Final set of parameters            Asymptotic Standard Error
=======================            ==========================
a               = -42697.1         +/- 7023         (16.45%)
b               = 2.78925e-05      +/- 4.577e-06    (16.41%)

correlation matrix of the fit parameters:
                a      b      
a               1.000 
b              -1.000  1.000 


*******************************************************************************
Tue Oct 16 12:15:32 2018


FIT:    data read from datafile u 1:3
        format = x:z
        x range restricted to ["20180601" : "21390801"]
        #datapoints = 7
        residuals are weighted equally (unit weight)

function used for fitting: f2(x)
	f2(x) = a2 + b2 * x
fitted parameters initialized with current variable values

iter      chisq       delta/lim  lambda   a2            b2           
   0 1.6479957907e+19   0.00e+00  1.08e+09    1.000000e+00   1.000000e+00
   5 8.1671911017e+02  -3.90e-10  1.08e+04    1.000000e+00   7.524769e-07

After 5 iterations the fit converged.
final sum of squares of residuals : 816.719
rel. change during last iteration : -3.89758e-15

degrees of freedom    (FIT_NDF)                        : 5
rms of residuals      (FIT_STDFIT) = sqrt(WSSR/ndf)    : 12.7806
variance of residuals (reduced chisquare) = WSSR/ndf   : 163.344

Final set of parameters            Asymptotic Standard Error
=======================            ==========================
a2              = 1                +/- 2907         (2.907e+05%)
b2              = 7.52477e-07      +/- 1.894e-06    (251.8%)

correlation matrix of the fit parameters:
                a2     b2     
a2              1.000 
b2             -1.000  1.000 


*******************************************************************************
Tue Oct 16 12:23:47 2018


FIT:    data read from datafile u 1:2
        format = x:z
        x range restricted to ["20180601" : "21390801"]
        #datapoints = 7
        residuals are weighted equally (unit weight)

function used for fitting: f(x)
	f(x)=a+b*x
fitted parameters initialized with current variable values

iter      chisq       delta/lim  lambda   a             b            
   0 8.9444616780e+04   0.00e+00  1.09e+01    1.000000e+00   1.000000e-08
   7 4.7677059261e+03  -6.87e-04  1.09e-06   -4.269705e+04   2.789252e-05

After 7 iterations the fit converged.
final sum of squares of residuals : 4767.71
rel. change during last iteration : -6.87014e-09

degrees of freedom    (FIT_NDF)                        : 5
rms of residuals      (FIT_STDFIT) = sqrt(WSSR/ndf)    : 30.8795
variance of residuals (reduced chisquare) = WSSR/ndf   : 953.541

Final set of parameters            Asymptotic Standard Error
=======================            ==========================
a               = -42697.1         +/- 7023         (16.45%)
b               = 2.78925e-05      +/- 4.577e-06    (16.41%)

correlation matrix of the fit parameters:
                a      b      
a               1.000 
b              -1.000  1.000 


*******************************************************************************
Tue Oct 16 12:23:47 2018


FIT:    data read from datafile u 1:3
        format = x:z
        x range restricted to ["20180601" : "21390801"]
        #datapoints = 7
        residuals are weighted equally (unit weight)

function used for fitting: f2(x)
	f2(x) = a2 + b2 * x
fitted parameters initialized with current variable values

iter      chisq       delta/lim  lambda   a2            b2           
   0 1.6479957907e+19   0.00e+00  1.08e+09    1.000000e+00   1.000000e+00
   5 8.1671911017e+02  -3.90e-10  1.08e+04    1.000000e+00   7.524769e-07

After 5 iterations the fit converged.
final sum of squares of residuals : 816.719
rel. change during last iteration : -3.89758e-15

degrees of freedom    (FIT_NDF)                        : 5
rms of residuals      (FIT_STDFIT) = sqrt(WSSR/ndf)    : 12.7806
variance of residuals (reduced chisquare) = WSSR/ndf   : 163.344

Final set of parameters            Asymptotic Standard Error
=======================            ==========================
a2              = 1                +/- 2907         (2.907e+05%)
b2              = 7.52477e-07      +/- 1.894e-06    (251.8%)

correlation matrix of the fit parameters:
                a2     b2     
a2              1.000 
b2             -1.000  1.000 


*******************************************************************************
Tue Oct 16 12:25:18 2018


FIT:    data read from datafile u 1:2
        format = x:z
        x range restricted to ["20180601" : "21390801"]
        #datapoints = 7
        residuals are weighted equally (unit weight)

function used for fitting: f(x)
	f(x)=a+b*x
fitted parameters initialized with current variable values

iter      chisq       delta/lim  lambda   a             b            
   0 8.9444616780e+04   0.00e+00  1.09e+01    1.000000e+00   1.000000e-08
   7 4.7677059261e+03  -6.87e-04  1.09e-06   -4.269705e+04   2.789252e-05

After 7 iterations the fit converged.
final sum of squares of residuals : 4767.71
rel. change during last iteration : -6.87014e-09

degrees of freedom    (FIT_NDF)                        : 5
rms of residuals      (FIT_STDFIT) = sqrt(WSSR/ndf)    : 30.8795
variance of residuals (reduced chisquare) = WSSR/ndf   : 953.541

Final set of parameters            Asymptotic Standard Error
=======================            ==========================
a               = -42697.1         +/- 7023         (16.45%)
b               = 2.78925e-05      +/- 4.577e-06    (16.41%)

correlation matrix of the fit parameters:
                a      b      
a               1.000 
b              -1.000  1.000 


*******************************************************************************
Tue Oct 16 12:25:18 2018


FIT:    data read from datafile u 1:3
        format = x:z
        x range restricted to ["20180601" : "21390801"]
        #datapoints = 7
        residuals are weighted equally (unit weight)

function used for fitting: f2(x)
	f2(x) = a2 + b2 * x
fitted parameters initialized with current variable values

iter      chisq       delta/lim  lambda   a2            b2           
   0 1.6479957907e+19   0.00e+00  1.08e+09    1.000000e+00   1.000000e+00
   5 8.1671911017e+02  -3.90e-10  1.08e+04    1.000000e+00   7.524769e-07

After 5 iterations the fit converged.
final sum of squares of residuals : 816.719
rel. change during last iteration : -3.89758e-15

degrees of freedom    (FIT_NDF)                        : 5
rms of residuals      (FIT_STDFIT) = sqrt(WSSR/ndf)    : 12.7806
variance of residuals (reduced chisquare) = WSSR/ndf   : 163.344

Final set of parameters            Asymptotic Standard Error
=======================            ==========================
a2              = 1                +/- 2907         (2.907e+05%)
b2              = 7.52477e-07      +/- 1.894e-06    (251.8%)

correlation matrix of the fit parameters:
                a2     b2     
a2              1.000 
b2             -1.000  1.000 


*******************************************************************************
Tue Oct 16 12:26:38 2018


FIT:    data read from datafile u 1:2
        format = x:z
        x range restricted to ["20180601" : "21390801"]
        #datapoints = 7
        residuals are weighted equally (unit weight)

function used for fitting: f(x)
	f(x)=a+b*x
fitted parameters initialized with current variable values

iter      chisq       delta/lim  lambda   a             b            
   0 8.9444616780e+04   0.00e+00  1.09e+01    1.000000e+00   1.000000e-08
   7 4.7677059261e+03  -6.87e-04  1.09e-06   -4.269705e+04   2.789252e-05

After 7 iterations the fit converged.
final sum of squares of residuals : 4767.71
rel. change during last iteration : -6.87014e-09

degrees of freedom    (FIT_NDF)                        : 5
rms of residuals      (FIT_STDFIT) = sqrt(WSSR/ndf)    : 30.8795
variance of residuals (reduced chisquare) = WSSR/ndf   : 953.541

Final set of parameters            Asymptotic Standard Error
=======================            ==========================
a               = -42697.1         +/- 7023         (16.45%)
b               = 2.78925e-05      +/- 4.577e-06    (16.41%)

correlation matrix of the fit parameters:
                a      b      
a               1.000 
b              -1.000  1.000 


*******************************************************************************
Tue Oct 16 12:26:38 2018


FIT:    data read from datafile u 1:3
        format = x:z
        x range restricted to ["20180601" : "21390801"]
        #datapoints = 7
        residuals are weighted equally (unit weight)

function used for fitting: f2(x)
	f2(x) = a2 + b2 * x
fitted parameters initialized with current variable values

iter      chisq       delta/lim  lambda   a2            b2           
   0 1.6479957907e+19   0.00e+00  1.08e+09    1.000000e+00   1.000000e+00
   5 8.1671911017e+02  -3.90e-10  1.08e+04    1.000000e+00   7.524769e-07

After 5 iterations the fit converged.
final sum of squares of residuals : 816.719
rel. change during last iteration : -3.89758e-15

degrees of freedom    (FIT_NDF)                        : 5
rms of residuals      (FIT_STDFIT) = sqrt(WSSR/ndf)    : 12.7806
variance of residuals (reduced chisquare) = WSSR/ndf   : 163.344

Final set of parameters            Asymptotic Standard Error
=======================            ==========================
a2              = 1                +/- 2907         (2.907e+05%)
b2              = 7.52477e-07      +/- 1.894e-06    (251.8%)

correlation matrix of the fit parameters:
                a2     b2     
a2              1.000 
b2             -1.000  1.000 


*******************************************************************************
Tue Oct 16 12:27:24 2018


FIT:    data read from datafile u 1:2
        format = x:z
        x range restricted to ["20180601" : "21390801"]
        #datapoints = 7
        residuals are weighted equally (unit weight)

function used for fitting: f(x)
	f(x)=a+b*x
fitted parameters initialized with current variable values

iter      chisq       delta/lim  lambda   a             b            
   0 8.9444616780e+04   0.00e+00  1.09e+01    1.000000e+00   1.000000e-08
   7 4.7677059261e+03  -6.87e-04  1.09e-06   -4.269705e+04   2.789252e-05

After 7 iterations the fit converged.
final sum of squares of residuals : 4767.71
rel. change during last iteration : -6.87014e-09

degrees of freedom    (FIT_NDF)                        : 5
rms of residuals      (FIT_STDFIT) = sqrt(WSSR/ndf)    : 30.8795
variance of residuals (reduced chisquare) = WSSR/ndf   : 953.541

Final set of parameters            Asymptotic Standard Error
=======================            ==========================
a               = -42697.1         +/- 7023         (16.45%)
b               = 2.78925e-05      +/- 4.577e-06    (16.41%)

correlation matrix of the fit parameters:
                a      b      
a               1.000 
b              -1.000  1.000 


*******************************************************************************
Tue Oct 16 12:27:24 2018


FIT:    data read from datafile u 1:3
        format = x:z
        x range restricted to ["20180601" : "21390801"]
        #datapoints = 7
        residuals are weighted equally (unit weight)

function used for fitting: f2(x)
	f2(x) = a2 + b2 * x
fitted parameters initialized with current variable values

iter      chisq       delta/lim  lambda   a2            b2           
   0 1.6479957907e+19   0.00e+00  1.08e+09    1.000000e+00   1.000000e+00
   5 8.1671911017e+02  -3.90e-10  1.08e+04    1.000000e+00   7.524769e-07

After 5 iterations the fit converged.
final sum of squares of residuals : 816.719
rel. change during last iteration : -3.89758e-15

degrees of freedom    (FIT_NDF)                        : 5
rms of residuals      (FIT_STDFIT) = sqrt(WSSR/ndf)    : 12.7806
variance of residuals (reduced chisquare) = WSSR/ndf   : 163.344

Final set of parameters            Asymptotic Standard Error
=======================            ==========================
a2              = 1                +/- 2907         (2.907e+05%)
b2              = 7.52477e-07      +/- 1.894e-06    (251.8%)

correlation matrix of the fit parameters:
                a2     b2     
a2              1.000 
b2             -1.000  1.000 


*******************************************************************************
Tue Oct 16 12:28:14 2018


FIT:    data read from datafile u 1:2
        format = x:z
        x range restricted to ["20180601" : "21390801"]
        #datapoints = 7
        residuals are weighted equally (unit weight)

function used for fitting: f(x)
	f(x)=a+b*x
fitted parameters initialized with current variable values

iter      chisq       delta/lim  lambda   a             b            
   0 8.9444616780e+04   0.00e+00  1.09e+01    1.000000e+00   1.000000e-08
   7 4.7677059261e+03  -6.87e-04  1.09e-06   -4.269705e+04   2.789252e-05

After 7 iterations the fit converged.
final sum of squares of residuals : 4767.71
rel. change during last iteration : -6.87014e-09

degrees of freedom    (FIT_NDF)                        : 5
rms of residuals      (FIT_STDFIT) = sqrt(WSSR/ndf)    : 30.8795
variance of residuals (reduced chisquare) = WSSR/ndf   : 953.541

Final set of parameters            Asymptotic Standard Error
=======================            ==========================
a               = -42697.1         +/- 7023         (16.45%)
b               = 2.78925e-05      +/- 4.577e-06    (16.41%)

correlation matrix of the fit parameters:
                a      b      
a               1.000 
b              -1.000  1.000 


*******************************************************************************
Tue Oct 16 12:28:14 2018


FIT:    data read from datafile u 1:3
        format = x:z
        x range restricted to ["20180601" : "21390801"]
        #datapoints = 7
        residuals are weighted equally (unit weight)

function used for fitting: f2(x)
	f2(x) = a2 + b2 * x
fitted parameters initialized with current variable values

iter      chisq       delta/lim  lambda   a2            b2           
   0 1.6479957907e+19   0.00e+00  1.08e+09    1.000000e+00   1.000000e+00
   5 8.1671911017e+02  -3.90e-10  1.08e+04    1.000000e+00   7.524769e-07

After 5 iterations the fit converged.
final sum of squares of residuals : 816.719
rel. change during last iteration : -3.89758e-15

degrees of freedom    (FIT_NDF)                        : 5
rms of residuals      (FIT_STDFIT) = sqrt(WSSR/ndf)    : 12.7806
variance of residuals (reduced chisquare) = WSSR/ndf   : 163.344

Final set of parameters            Asymptotic Standard Error
=======================            ==========================
a2              = 1                +/- 2907         (2.907e+05%)
b2              = 7.52477e-07      +/- 1.894e-06    (251.8%)

correlation matrix of the fit parameters:
                a2     b2     
a2              1.000 
b2             -1.000  1.000 


*******************************************************************************
Tue Oct 16 12:32:18 2018


FIT:    data read from datafile u 1:2
        format = x:z
        x range restricted to ["20180601" : "21390801"]
        #datapoints = 7
        residuals are weighted equally (unit weight)

function used for fitting: f(x)
	f(x)=a+b*x
fitted parameters initialized with current variable values

iter      chisq       delta/lim  lambda   a             b            
   0 8.9444616780e+04   0.00e+00  1.09e+01    1.000000e+00   1.000000e-08
   7 4.7677059261e+03  -6.87e-04  1.09e-06   -4.269705e+04   2.789252e-05

After 7 iterations the fit converged.
final sum of squares of residuals : 4767.71
rel. change during last iteration : -6.87014e-09

degrees of freedom    (FIT_NDF)                        : 5
rms of residuals      (FIT_STDFIT) = sqrt(WSSR/ndf)    : 30.8795
variance of residuals (reduced chisquare) = WSSR/ndf   : 953.541

Final set of parameters            Asymptotic Standard Error
=======================            ==========================
a               = -42697.1         +/- 7023         (16.45%)
b               = 2.78925e-05      +/- 4.577e-06    (16.41%)

correlation matrix of the fit parameters:
                a      b      
a               1.000 
b              -1.000  1.000 


*******************************************************************************
Tue Oct 16 12:32:18 2018


FIT:    data read from datafile u 1:3
        format = x:z
        x range restricted to ["20180601" : "21390801"]
        #datapoints = 7
        residuals are weighted equally (unit weight)

function used for fitting: f2(x)
	f2(x) = a2 + b2 * x
fitted parameters initialized with current variable values

iter      chisq       delta/lim  lambda   a2            b2           
   0 1.6479957907e+19   0.00e+00  1.08e+09    1.000000e+00   1.000000e+00
   5 8.1671911017e+02  -3.90e-10  1.08e+04    1.000000e+00   7.524769e-07

After 5 iterations the fit converged.
final sum of squares of residuals : 816.719
rel. change during last iteration : -3.89758e-15

degrees of freedom    (FIT_NDF)                        : 5
rms of residuals      (FIT_STDFIT) = sqrt(WSSR/ndf)    : 12.7806
variance of residuals (reduced chisquare) = WSSR/ndf   : 163.344

Final set of parameters            Asymptotic Standard Error
=======================            ==========================
a2              = 1                +/- 2907         (2.907e+05%)
b2              = 7.52477e-07      +/- 1.894e-06    (251.8%)

correlation matrix of the fit parameters:
                a2     b2     
a2              1.000 
b2             -1.000  1.000 


*******************************************************************************
Thu Jan 16 14:33:31 2020


FIT:    data read from datafile u 1:2
        format = x:z
        x range restricted to ["20200101" : "21390801"]
        #datapoints = 2
        residuals are weighted equally (unit weight)

function used for fitting: f(x)
	f(x)=a+b*x
fitted parameters initialized with current variable values

iter      chisq       delta/lim  lambda   a             b            
   0 5.1688369524e+04   0.00e+00  1.12e+01    1.000000e+00   1.000000e-08
BREAK: Singular matrix in Invert_RtR

*******************************************************************************
Thu Jan 16 14:34:11 2020


FIT:    data read from datafile u 1:2
        format = x:z
        x range restricted to ["20200101" : "21390801"]
        #datapoints = 2
        residuals are weighted equally (unit weight)

function used for fitting: f(x)
	f(x)=a+b*x
fitted parameters initialized with current variable values

iter      chisq       delta/lim  lambda   a             b            
   0 5.1688369524e+04   0.00e+00  1.12e+01    1.000000e+00   1.000000e-08
BREAK: Singular matrix in Invert_RtR

*******************************************************************************
Thu Jan 16 15:06:43 2020


FIT:    data read from datafile u 1:2
        format = x:z
        x range restricted to ["20180601" : "21390801"]
        #datapoints = 2
        residuals are weighted equally (unit weight)

function used for fitting: f(x)
	f(x)=a+b*x
fitted parameters initialized with current variable values

iter      chisq       delta/lim  lambda   a             b            
   0 5.1688460641e+04   0.00e+00  1.12e+01    1.000000e+00   1.000000e-08
  11 6.1296183653e-23   0.00e+00  1.12e-02   -7.987425e+04   5.069444e-05

After 11 iterations the fit converged.
final sum of squares of residuals : 6.12962e-23
rel. change during last iteration : 0


Exactly as many data points as there are parameters.
In this degenerate case, all errors are zero by definition.

Final set of parameters 
======================= 

a               = -79874.2       
b               = 5.06944e-05    


*******************************************************************************
Thu Jan 16 15:08:00 2020


FIT:    data read from datafile u 1:2
        format = x:z
        x range restricted to ["20180601" : "21390801"]
        #datapoints = 2
        residuals are weighted equally (unit weight)

function used for fitting: f(x)
	f(x)=a+b*x
fitted parameters initialized with current variable values

iter      chisq       delta/lim  lambda   a             b            
   0 5.1688460641e+04   0.00e+00  1.12e+01    1.000000e+00   1.000000e-08
  11 6.1296183653e-23   0.00e+00  1.12e-02   -7.987425e+04   5.069444e-05

After 11 iterations the fit converged.
final sum of squares of residuals : 6.12962e-23
rel. change during last iteration : 0


Exactly as many data points as there are parameters.
In this degenerate case, all errors are zero by definition.

Final set of parameters 
======================= 

a               = -79874.2       
b               = 5.06944e-05    


*******************************************************************************
Thu Jan 16 15:12:54 2020


FIT:    data read from datafile u 1:2
        format = x:z
        x range restricted to ["20180601" : "21390801"]
        #datapoints = 2
        residuals are weighted equally (unit weight)

function used for fitting: f(x)
	f(x)=a+b*x
fitted parameters initialized with current variable values

iter      chisq       delta/lim  lambda   a             b            
   0 5.1690210994e+04   0.00e+00  1.12e+01    1.000000e+00   1.000000e-08
  10 6.2886729187e-24   0.00e+00  1.12e-09   -3.984105e+04   2.534722e-05

After 10 iterations the fit converged.
final sum of squares of residuals : 6.28867e-24
rel. change during last iteration : 0


Exactly as many data points as there are parameters.
In this degenerate case, all errors are zero by definition.

Final set of parameters 
======================= 

a               = -39841         
b               = 2.53472e-05    


*******************************************************************************
Mon Jan 20 12:38:40 2020


FIT:    data read from datafile u 1:2
        format = x:z
        x range restricted to ["20180601" : "21390801"]
        #datapoints = 2
        residuals are weighted equally (unit weight)

function used for fitting: f(x)
	f(x)=a+b*x
fitted parameters initialized with current variable values

iter      chisq       delta/lim  lambda   a             b            
   0 5.1691120047e+04   0.00e+00  1.12e+01    1.000000e+00   1.000000e-08
  11 1.0348239489e-22   0.00e+00  1.12e-10   -5.075083e+04   3.226010e-05

After 11 iterations the fit converged.
final sum of squares of residuals : 1.03482e-22
rel. change during last iteration : 0


Exactly as many data points as there are parameters.
In this degenerate case, all errors are zero by definition.

Final set of parameters 
======================= 

a               = -50750.8       
b               = 3.22601e-05    
